# JRE version: OpenJDK Runtime Environment (18.0.2+9) (build 18.0.2+9-61)
# Java VM: OpenJDK 64-Bit Server VM (18.0.2+9-61, mixed mode, emulated-client, sharing, tiered, compressed oops, compressed class ptrs, g1 gc, windows-amd64)
GC Precious Log:
 CardTable entry size: 512
 Card Set container configuration: InlinePtr #cards 4 size 8 Array Of Cards #cards 16 size 48 Howl #buckets 8 coarsen threshold 3686 Howl Bitmap #cards 512 size 80 coarsen threshold 460 Card regions per heap region 1 cards per card region 4096
 CPUs: 8 total, 8 available
 Memory: 12197M
 Large Page Support: Disabled
 NUMA Support: Disabled
 Compressed Oops: Enabled (Zero based)
 Heap Region Size: 2M
 Heap Min Capacity: 8M
 Heap Initial Capacity: 192M
 Heap Max Capacity: 3050M
 Pre-touch: Disabled
 Parallel Workers: 8
 Concurrent Workers: 2
 Concurrent Refinement Workers: 8
 Periodic GC: Disabled
Heap:
 garbage-first heap   total 256000K, used 82168K [0x0000000741600000, 0x0000000800000000)
  region size 2048K, 3 young (6144K), 3 survivors (6144K)
 Metaspace       used 64063K, committed 65536K, reserved 1114112K
  class space    used 8954K, committed 9728K, reserved 1048576K
GC Heap History (20 events):
Event: 1.477 GC heap after
{Heap after GC invocations=3 (full 0):
 garbage-first heap   total 196608K, used 30720K [0x0000000741600000, 0x0000000800000000)
  region size 2048K, 2 young (4096K), 2 survivors (4096K)
 Metaspace       used 3468K, committed 3712K, reserved 1114112K
  class space    used 418K, committed 512K, reserved 1048576K
}
Event: 1.793 GC heap before
{Heap before GC invocations=3 (full 0):
 garbage-first heap   total 196608K, used 69632K [0x0000000741600000, 0x0000000800000000)
  region size 2048K, 22 young (45056K), 2 survivors (4096K)
 Metaspace       used 3666K, committed 3904K, reserved 1114112K
  class space    used 441K, committed 576K, reserved 1048576K
}
Event: 1.821 GC heap after
{Heap after GC invocations=4 (full 0):
 garbage-first heap   total 196608K, used 45373K [0x0000000741600000, 0x0000000800000000)
  region size 2048K, 3 young (6144K), 3 survivors (6144K)
 Metaspace       used 3666K, committed 3904K, reserved 1114112K
  class space    used 441K, committed 576K, reserved 1048576K
}
Event: 2.817 GC heap before
{Heap before GC invocations=4 (full 0):
 garbage-first heap   total 196608K, used 82237K [0x0000000741600000, 0x0000000800000000)
  region size 2048K, 21 young (43008K), 3 survivors (6144K)
 Metaspace       used 9160K, committed 9536K, reserved 1114112K
  class space    used 1185K, committed 1408K, reserved 1048576K
}
Event: 2.837 GC heap after
{Heap after GC invocations=5 (full 0):
 garbage-first heap   total 196608K, used 49842K [0x0000000741600000, 0x0000000800000000)
  region size 2048K, 2 young (4096K), 2 survivors (4096K)
 Metaspace       used 9160K, committed 9536K, reserved 1114112K
  class space    used 1185K, committed 1408K, reserved 1048576K
}
Event: 3.222 GC heap before
{Heap before GC invocations=5 (full 0):
 garbage-first heap   total 196608K, used 113330K [0x0000000741600000, 0x0000000800000000)
  region size 2048K, 34 young (69632K), 2 survivors (4096K)
 Metaspace       used 16607K, committed 17344K, reserved 1114112K
  class space    used 2309K, committed 2688K, reserved 1048576K
}
Event: 3.229 GC heap after
{Heap after GC invocations=6 (full 0):
 garbage-first heap   total 305152K, used 56726K [0x0000000741600000, 0x0000000800000000)
  region size 2048K, 5 young (10240K), 5 survivors (10240K)
 Metaspace       used 16607K, committed 17344K, reserved 1114112K
  class space    used 2309K, committed 2688K, reserved 1048576K
}
Event: 3.428 GC heap before
{Heap before GC invocations=6 (full 0):
 garbage-first heap   total 305152K, used 116118K [0x0000000741600000, 0x0000000800000000)
  region size 2048K, 36 young (73728K), 5 survivors (10240K)
 Metaspace       used 20548K, committed 21504K, reserved 1114112K
  class space    used 2886K, committed 3392K, reserved 1048576K
}
Event: 3.438 GC heap after
{Heap after GC invocations=7 (full 0):
 garbage-first heap   total 305152K, used 60739K [0x0000000741600000, 0x0000000800000000)
  region size 2048K, 7 young (14336K), 7 survivors (14336K)
 Metaspace       used 20548K, committed 21504K, reserved 1114112K
  class space    used 2886K, committed 3392K, reserved 1048576K
}
Event: 4.183 GC heap before
{Heap before GC invocations=8 (full 0):
 garbage-first heap   total 253952K, used 226627K [0x0000000741600000, 0x0000000800000000)
  region size 2048K, 89 young (182272K), 7 survivors (14336K)
 Metaspace       used 34207K, committed 35648K, reserved 1114112K
  class space    used 4945K, committed 5696K, reserved 1048576K
}
Event: 4.204 GC heap after
{Heap after GC invocations=9 (full 0):
 garbage-first heap   total 253952K, used 67532K [0x0000000741600000, 0x0000000800000000)
  region size 2048K, 9 young (18432K), 9 survivors (18432K)
 Metaspace       used 34207K, committed 35648K, reserved 1114112K
  class space    used 4945K, committed 5696K, reserved 1048576K
}
Event: 4.207 GC heap before
{Heap before GC invocations=9 (full 0):
 garbage-first heap   total 253952K, used 69580K [0x0000000741600000, 0x0000000800000000)
  region size 2048K, 10 young (20480K), 9 survivors (18432K)
 Metaspace       used 34253K, committed 35712K, reserved 1114112K
  class space    used 4949K, committed 5696K, reserved 1048576K
}
Event: 4.222 GC heap after
{Heap after GC invocations=10 (full 0):
 garbage-first heap   total 253952K, used 66429K [0x0000000741600000, 0x0000000800000000)
  region size 2048K, 1 young (2048K), 1 survivors (2048K)
 Metaspace       used 34253K, committed 35712K, reserved 1114112K
  class space    used 4949K, committed 5696K, reserved 1048576K
}
Event: 4.441 GC heap before
{Heap before GC invocations=10 (full 0):
 garbage-first heap   total 253952K, used 86909K [0x0000000741600000, 0x0000000800000000)
  region size 2048K, 13 young (26624K), 1 survivors (2048K)
 Metaspace       used 36976K, committed 38528K, reserved 1114112K
  class space    used 5393K, committed 6208K, reserved 1048576K
}
Event: 4.445 GC heap after
{Heap after GC invocations=11 (full 0):
 garbage-first heap   total 253952K, used 67143K [0x0000000741600000, 0x0000000800000000)
  region size 2048K, 2 young (4096K), 2 survivors (4096K)
 Metaspace       used 36976K, committed 38528K, reserved 1114112K
  class space    used 5393K, committed 6208K, reserved 1048576K
}
Event: 5.959 GC heap before
{Heap before GC invocations=12 (full 0):
 garbage-first heap   total 253952K, used 192071K [0x0000000741600000, 0x0000000800000000)
  region size 2048K, 64 young (131072K), 2 survivors (4096K)
 Metaspace       used 48909K, committed 50368K, reserved 1114112K
  class space    used 7015K, committed 7808K, reserved 1048576K
}
Event: 5.971 GC heap after
{Heap after GC invocations=13 (full 0):
 garbage-first heap   total 253952K, used 78522K [0x0000000741600000, 0x0000000800000000)
  region size 2048K, 7 young (14336K), 7 survivors (14336K)
 Metaspace       used 48909K, committed 50368K, reserved 1114112K
  class space    used 7015K, committed 7808K, reserved 1048576K
}
Event: 6.028 GC heap before
{Heap before GC invocations=13 (full 0):
 garbage-first heap   total 253952K, used 80570K [0x0000000741600000, 0x0000000800000000)
  region size 2048K, 8 young (16384K), 7 survivors (14336K)
 Metaspace       used 49280K, committed 50752K, reserved 1114112K
  class space    used 7068K, committed 7872K, reserved 1048576K
}
Event: 6.042 GC heap after
{Heap after GC invocations=14 (full 0):
 garbage-first heap   total 253952K, used 79771K [0x0000000741600000, 0x0000000800000000)
  region size 2048K, 1 young (2048K), 1 survivors (2048K)
 Metaspace       used 49280K, committed 50752K, reserved 1114112K
  class space    used 7068K, committed 7872K, reserved 1048576K
}
Event: 7.537 GC heap before
{Heap before GC invocations=14 (full 0):
 garbage-first heap   total 253952K, used 147355K [0x0000000741600000, 0x0000000800000000)
  region size 2048K, 36 young (73728K), 1 survivors (2048K)
 Metaspace       used 64063K, committed 65536K, reserved 1114112K
  class space    used 8954K, committed 9728K, reserved 1048576K
}

