# JRE version: OpenJDK Runtime Environment (18.0.2+9) (build 18.0.2+9-61)
# Java VM: OpenJDK 64-Bit Server VM (18.0.2+9-61, mixed mode, emulated-client, sharing, tiered, compressed oops, compressed class ptrs, g1 gc, windows-amd64)
GC Precious Log:
 CardTable entry size: 512
 Card Set container configuration: InlinePtr #cards 4 size 8 Array Of Cards #cards 16 size 48 Howl #buckets 8 coarsen threshold 3686 Howl Bitmap #cards 512 size 80 coarsen threshold 460 Card regions per heap region 1 cards per card region 4096
 CPUs: 8 total, 8 available
 Memory: 12197M
 Large Page Support: Disabled
 NUMA Support: Disabled
 Compressed Oops: Enabled (Zero based)
 Heap Region Size: 2M
 Heap Min Capacity: 8M
 Heap Initial Capacity: 192M
 Heap Max Capacity: 3050M
 Pre-touch: Disabled
 Parallel Workers: 8
 Concurrent Workers: 2
 Concurrent Refinement Workers: 8
 Periodic GC: Disabled
Heap:
 garbage-first heap   total 315392K, used 74353K [0x0000000741600000, 0x0000000800000000)
  region size 2048K, 15 young (30720K), 2 survivors (4096K)
 Metaspace       used 12346K, committed 12736K, reserved 1114112K
  class space    used 1619K, committed 1792K, reserved 1048576K
GC Heap History (10 events):
Event: 0.739 GC heap before
{Heap before GC invocations=0 (full 0):
 garbage-first heap   total 196608K, used 22528K [0x0000000741600000, 0x0000000800000000)
  region size 2048K, 11 young (22528K), 0 survivors (0K)
 Metaspace       used 3248K, committed 3520K, reserved 1114112K
  class space    used 376K, committed 512K, reserved 1048576K
}
Event: 0.749 GC heap after
{Heap after GC invocations=1 (full 0):
 garbage-first heap   total 196608K, used 11019K [0x0000000741600000, 0x0000000800000000)
  region size 2048K, 2 young (4096K), 2 survivors (4096K)
 Metaspace       used 3248K, committed 3520K, reserved 1114112K
  class space    used 376K, committed 512K, reserved 1048576K
}
Event: 0.987 GC heap before
{Heap before GC invocations=1 (full 0):
 garbage-first heap   total 196608K, used 31499K [0x0000000741600000, 0x0000000800000000)
  region size 2048K, 11 young (22528K), 2 survivors (4096K)
 Metaspace       used 3468K, committed 3712K, reserved 1114112K
  class space    used 418K, committed 512K, reserved 1048576K
}
Event: 0.999 GC heap after
{Heap after GC invocations=2 (full 0):
 garbage-first heap   total 196608K, used 24144K [0x0000000741600000, 0x0000000800000000)
  region size 2048K, 2 young (4096K), 2 survivors (4096K)
 Metaspace       used 3468K, committed 3712K, reserved 1114112K
  class space    used 418K, committed 512K, reserved 1048576K
}
Event: 1.145 GC heap before
{Heap before GC invocations=2 (full 0):
 garbage-first heap   total 196608K, used 46672K [0x0000000741600000, 0x0000000800000000)
  region size 2048K, 14 young (28672K), 2 survivors (4096K)
 Metaspace       used 3468K, committed 3712K, reserved 1114112K
  class space    used 418K, committed 512K, reserved 1048576K
}
Event: 1.159 GC heap after
{Heap after GC invocations=3 (full 0):
 garbage-first heap   total 196608K, used 30720K [0x0000000741600000, 0x0000000800000000)
  region size 2048K, 2 young (4096K), 2 survivors (4096K)
 Metaspace       used 3468K, committed 3712K, reserved 1114112K
  class space    used 418K, committed 512K, reserved 1048576K
}
Event: 1.510 GC heap before
{Heap before GC invocations=3 (full 0):
 garbage-first heap   total 196608K, used 71680K [0x0000000741600000, 0x0000000800000000)
  region size 2048K, 23 young (47104K), 2 survivors (4096K)
 Metaspace       used 4579K, committed 4864K, reserved 1114112K
  class space    used 547K, committed 640K, reserved 1048576K
}
Event: 1.539 GC heap after
{Heap after GC invocations=4 (full 0):
 garbage-first heap   total 196608K, used 45701K [0x0000000741600000, 0x0000000800000000)
  region size 2048K, 3 young (6144K), 3 survivors (6144K)
 Metaspace       used 4579K, committed 4864K, reserved 1114112K
  class space    used 547K, committed 640K, reserved 1048576K
}
Event: 2.276 GC heap before
{Heap before GC invocations=4 (full 0):
 garbage-first heap   total 196608K, used 78469K [0x0000000741600000, 0x0000000800000000)
  region size 2048K, 19 young (38912K), 3 survivors (6144K)
 Metaspace       used 9056K, committed 9408K, reserved 1114112K
  class space    used 1174K, committed 1344K, reserved 1048576K
}
Event: 2.290 GC heap after
{Heap after GC invocations=5 (full 0):
 garbage-first heap   total 315392K, used 49777K [0x0000000741600000, 0x0000000800000000)
  region size 2048K, 2 young (4096K), 2 survivors (4096K)
 Metaspace       used 9056K, committed 9408K, reserved 1114112K
  class space    used 1174K, committed 1344K, reserved 1048576K
}

