# JRE version: OpenJDK Runtime Environment (18.0.2+9) (build 18.0.2+9-61)
# Java VM: OpenJDK 64-Bit Server VM (18.0.2+9-61, mixed mode, emulated-client, sharing, tiered, compressed oops, compressed class ptrs, g1 gc, windows-amd64)
GC Precious Log:
 CardTable entry size: 512
 Card Set container configuration: InlinePtr #cards 4 size 8 Array Of Cards #cards 16 size 48 Howl #buckets 8 coarsen threshold 3686 Howl Bitmap #cards 512 size 80 coarsen threshold 460 Card regions per heap region 1 cards per card region 4096
 CPUs: 8 total, 8 available
 Memory: 12197M
 Large Page Support: Disabled
 NUMA Support: Disabled
 Compressed Oops: Enabled (Zero based)
 Heap Region Size: 2M
 Heap Min Capacity: 8M
 Heap Initial Capacity: 192M
 Heap Max Capacity: 3050M
 Pre-touch: Disabled
 Parallel Workers: 8
 Concurrent Workers: 2
 Concurrent Refinement Workers: 8
 Periodic GC: Disabled
Heap:
 garbage-first heap   total 286720K, used 72091K [0x0000000741600000, 0x0000000800000000)
  region size 2048K, 1 young (2048K), 1 survivors (2048K)
 Metaspace       used 37053K, committed 38528K, reserved 1114112K
  class space    used 5101K, committed 5888K, reserved 1048576K
GC Heap History (19 events):
Event: 0.751 GC heap before
{Heap before GC invocations=0 (full 0):
 garbage-first heap   total 196608K, used 22528K [0x0000000741600000, 0x0000000800000000)
  region size 2048K, 11 young (22528K), 0 survivors (0K)
 Metaspace       used 3243K, committed 3520K, reserved 1114112K
  class space    used 375K, committed 512K, reserved 1048576K
}
Event: 0.760 GC heap after
{Heap after GC invocations=1 (full 0):
 garbage-first heap   total 196608K, used 11038K [0x0000000741600000, 0x0000000800000000)
  region size 2048K, 2 young (4096K), 2 survivors (4096K)
 Metaspace       used 3243K, committed 3520K, reserved 1114112K
  class space    used 375K, committed 512K, reserved 1048576K
}
Event: 0.946 GC heap before
{Heap before GC invocations=1 (full 0):
 garbage-first heap   total 196608K, used 31518K [0x0000000741600000, 0x0000000800000000)
  region size 2048K, 11 young (22528K), 2 survivors (4096K)
 Metaspace       used 3463K, committed 3712K, reserved 1114112K
  class space    used 417K, committed 512K, reserved 1048576K
}
Event: 0.958 GC heap after
{Heap after GC invocations=2 (full 0):
 garbage-first heap   total 196608K, used 24341K [0x0000000741600000, 0x0000000800000000)
  region size 2048K, 2 young (4096K), 2 survivors (4096K)
 Metaspace       used 3463K, committed 3712K, reserved 1114112K
  class space    used 417K, committed 512K, reserved 1048576K
}
Event: 1.097 GC heap before
{Heap before GC invocations=2 (full 0):
 garbage-first heap   total 196608K, used 46869K [0x0000000741600000, 0x0000000800000000)
  region size 2048K, 14 young (28672K), 2 survivors (4096K)
 Metaspace       used 3464K, committed 3712K, reserved 1114112K
  class space    used 417K, committed 512K, reserved 1048576K
}
Event: 1.107 GC heap after
{Heap after GC invocations=3 (full 0):
 garbage-first heap   total 196608K, used 30720K [0x0000000741600000, 0x0000000800000000)
  region size 2048K, 2 young (4096K), 2 survivors (4096K)
 Metaspace       used 3464K, committed 3712K, reserved 1114112K
  class space    used 417K, committed 512K, reserved 1048576K
}
Event: 1.455 GC heap before
{Heap before GC invocations=3 (full 0):
 garbage-first heap   total 196608K, used 69632K [0x0000000741600000, 0x0000000800000000)
  region size 2048K, 22 young (45056K), 2 survivors (4096K)
 Metaspace       used 4582K, committed 4864K, reserved 1114112K
  class space    used 547K, committed 704K, reserved 1048576K
}
Event: 1.477 GC heap after
{Heap after GC invocations=4 (full 0):
 garbage-first heap   total 196608K, used 44899K [0x0000000741600000, 0x0000000800000000)
  region size 2048K, 3 young (6144K), 3 survivors (6144K)
 Metaspace       used 4582K, committed 4864K, reserved 1114112K
  class space    used 547K, committed 704K, reserved 1048576K
}
Event: 2.154 GC heap before
{Heap before GC invocations=4 (full 0):
 garbage-first heap   total 196608K, used 81763K [0x0000000741600000, 0x0000000800000000)
  region size 2048K, 21 young (43008K), 3 survivors (6144K)
 Metaspace       used 9757K, committed 10176K, reserved 1114112K
  class space    used 1249K, committed 1472K, reserved 1048576K
}
Event: 2.168 GC heap after
{Heap after GC invocations=5 (full 0):
 garbage-first heap   total 299008K, used 49339K [0x0000000741600000, 0x0000000800000000)
  region size 2048K, 2 young (4096K), 2 survivors (4096K)
 Metaspace       used 9757K, committed 10176K, reserved 1114112K
  class space    used 1249K, committed 1472K, reserved 1048576K
}
Event: 3.159 GC heap before
{Heap before GC invocations=5 (full 0):
 garbage-first heap   total 299008K, used 159931K [0x0000000741600000, 0x0000000800000000)
  region size 2048K, 56 young (114688K), 2 survivors (4096K)
 Metaspace       used 19564K, committed 20480K, reserved 1114112K
  class space    used 2728K, committed 3200K, reserved 1048576K
}
Event: 3.179 GC heap after
{Heap after GC invocations=6 (full 0):
 garbage-first heap   total 299008K, used 65628K [0x0000000741600000, 0x0000000800000000)
  region size 2048K, 7 young (14336K), 7 survivors (14336K)
 Metaspace       used 19564K, committed 20480K, reserved 1114112K
  class space    used 2728K, committed 3200K, reserved 1048576K
}
Event: 3.327 GC heap before
{Heap before GC invocations=6 (full 0):
 garbage-first heap   total 299008K, used 86108K [0x0000000741600000, 0x0000000800000000)
  region size 2048K, 18 young (36864K), 7 survivors (14336K)
 Metaspace       used 20472K, committed 21568K, reserved 1114112K
  class space    used 2870K, committed 3392K, reserved 1048576K
}
Event: 3.346 GC heap after
{Heap after GC invocations=7 (full 0):
 garbage-first heap   total 299008K, used 68362K [0x0000000741600000, 0x0000000800000000)
  region size 2048K, 2 young (4096K), 2 survivors (4096K)
 Metaspace       used 20472K, committed 21568K, reserved 1114112K
  class space    used 2870K, committed 3392K, reserved 1048576K
}
Event: 4.344 GC heap before
{Heap before GC invocations=8 (full 0):
 garbage-first heap   total 266240K, used 201482K [0x0000000741600000, 0x0000000800000000)
  region size 2048K, 68 young (139264K), 2 survivors (4096K)
 Metaspace       used 33902K, committed 35392K, reserved 1114112K
  class space    used 4731K, committed 5504K, reserved 1048576K
}
Event: 4.357 GC heap after
{Heap after GC invocations=9 (full 0):
 garbage-first heap   total 266240K, used 74466K [0x0000000741600000, 0x0000000800000000)
  region size 2048K, 5 young (10240K), 5 survivors (10240K)
 Metaspace       used 33902K, committed 35392K, reserved 1114112K
  class space    used 4731K, committed 5504K, reserved 1048576K
}
Event: 4.365 GC heap before
{Heap before GC invocations=9 (full 0):
 garbage-first heap   total 266240K, used 76514K [0x0000000741600000, 0x0000000800000000)
  region size 2048K, 6 young (12288K), 5 survivors (10240K)
 Metaspace       used 34068K, committed 35520K, reserved 1114112K
  class space    used 4750K, committed 5504K, reserved 1048576K
}
Event: 4.375 GC heap after
{Heap after GC invocations=10 (full 0):
 garbage-first heap   total 266240K, used 72349K [0x0000000741600000, 0x0000000800000000)
  region size 2048K, 1 young (2048K), 1 survivors (2048K)
 Metaspace       used 34068K, committed 35520K, reserved 1114112K
  class space    used 4750K, committed 5504K, reserved 1048576K
}
Event: 4.498 GC heap before
{Heap before GC invocations=10 (full 0):
 garbage-first heap   total 266240K, used 86685K [0x0000000741600000, 0x0000000800000000)
  region size 2048K, 10 young (20480K), 1 survivors (2048K)
 Metaspace       used 37053K, committed 38528K, reserved 1114112K
  class space    used 5101K, committed 5888K, reserved 1048576K
}

