# JRE version: OpenJDK Runtime Environment (18.0.2+9) (build 18.0.2+9-61)
# Java VM: OpenJDK 64-Bit Server VM (18.0.2+9-61, mixed mode, emulated-client, sharing, tiered, compressed oops, compressed class ptrs, g1 gc, windows-amd64)
GC Precious Log:
 CardTable entry size: 512
 Card Set container configuration: InlinePtr #cards 4 size 8 Array Of Cards #cards 16 size 48 Howl #buckets 8 coarsen threshold 3686 Howl Bitmap #cards 512 size 80 coarsen threshold 460 Card regions per heap region 1 cards per card region 4096
 CPUs: 8 total, 8 available
 Memory: 12197M
 Large Page Support: Disabled
 NUMA Support: Disabled
 Compressed Oops: Enabled (Zero based)
 Heap Region Size: 2M
 Heap Min Capacity: 8M
 Heap Initial Capacity: 192M
 Heap Max Capacity: 3050M
 Pre-touch: Disabled
 Parallel Workers: 8
 Concurrent Workers: 2
 Concurrent Refinement Workers: 8
 Periodic GC: Disabled
Heap:
 garbage-first heap   total 296960K, used 83415K [0x0000000741600000, 0x0000000800000000)
  region size 2048K, 3 young (6144K), 3 survivors (6144K)
 Metaspace       used 64223K, committed 65728K, reserved 1114112K
  class space    used 8981K, committed 9792K, reserved 1048576K
GC Heap History (20 events):
Event: 0.447 GC heap after
{Heap after GC invocations=1 (full 0):
 garbage-first heap   total 196608K, used 11471K [0x0000000741600000, 0x0000000800000000)
  region size 2048K, 2 young (4096K), 2 survivors (4096K)
 Metaspace       used 3248K, committed 3520K, reserved 1114112K
  class space    used 376K, committed 512K, reserved 1048576K
}
Event: 0.667 GC heap before
{Heap before GC invocations=1 (full 0):
 garbage-first heap   total 196608K, used 29903K [0x0000000741600000, 0x0000000800000000)
  region size 2048K, 11 young (22528K), 2 survivors (4096K)
 Metaspace       used 3468K, committed 3712K, reserved 1114112K
  class space    used 418K, committed 512K, reserved 1048576K
}
Event: 0.679 GC heap after
{Heap after GC invocations=2 (full 0):
 garbage-first heap   total 196608K, used 24488K [0x0000000741600000, 0x0000000800000000)
  region size 2048K, 2 young (4096K), 2 survivors (4096K)
 Metaspace       used 3468K, committed 3712K, reserved 1114112K
  class space    used 418K, committed 512K, reserved 1048576K
}
Event: 0.839 GC heap before
{Heap before GC invocations=2 (full 0):
 garbage-first heap   total 196608K, used 49064K [0x0000000741600000, 0x0000000800000000)
  region size 2048K, 14 young (28672K), 2 survivors (4096K)
 Metaspace       used 3468K, committed 3712K, reserved 1114112K
  class space    used 418K, committed 512K, reserved 1048576K
}
Event: 0.851 GC heap after
{Heap after GC invocations=3 (full 0):
 garbage-first heap   total 196608K, used 31542K [0x0000000741600000, 0x0000000800000000)
  region size 2048K, 2 young (4096K), 2 survivors (4096K)
 Metaspace       used 3468K, committed 3712K, reserved 1114112K
  class space    used 418K, committed 512K, reserved 1048576K
}
Event: 1.191 GC heap before
{Heap before GC invocations=3 (full 0):
 garbage-first heap   total 196608K, used 70454K [0x0000000741600000, 0x0000000800000000)
  region size 2048K, 22 young (45056K), 2 survivors (4096K)
 Metaspace       used 4258K, committed 4544K, reserved 1114112K
  class space    used 512K, committed 640K, reserved 1048576K
}
Event: 1.215 GC heap after
{Heap after GC invocations=4 (full 0):
 garbage-first heap   total 196608K, used 45391K [0x0000000741600000, 0x0000000800000000)
  region size 2048K, 3 young (6144K), 3 survivors (6144K)
 Metaspace       used 4258K, committed 4544K, reserved 1114112K
  class space    used 512K, committed 640K, reserved 1048576K
}
Event: 2.361 GC heap before
{Heap before GC invocations=4 (full 0):
 garbage-first heap   total 196608K, used 96591K [0x0000000741600000, 0x0000000800000000)
  region size 2048K, 28 young (57344K), 3 survivors (6144K)
 Metaspace       used 11552K, committed 11968K, reserved 1114112K
  class space    used 1479K, committed 1664K, reserved 1048576K
}
Event: 2.383 GC heap after
{Heap after GC invocations=5 (full 0):
 garbage-first heap   total 296960K, used 50170K [0x0000000741600000, 0x0000000800000000)
  region size 2048K, 2 young (4096K), 2 survivors (4096K)
 Metaspace       used 11552K, committed 11968K, reserved 1114112K
  class space    used 1479K, committed 1664K, reserved 1048576K
}
Event: 3.258 GC heap before
{Heap before GC invocations=5 (full 0):
 garbage-first heap   total 296960K, used 175098K [0x0000000741600000, 0x0000000800000000)
  region size 2048K, 64 young (131072K), 2 survivors (4096K)
 Metaspace       used 20476K, committed 21504K, reserved 1114112K
  class space    used 2893K, committed 3392K, reserved 1048576K
}
Event: 3.274 GC heap after
{Heap after GC invocations=6 (full 0):
 garbage-first heap   total 296960K, used 59625K [0x0000000741600000, 0x0000000800000000)
  region size 2048K, 7 young (14336K), 7 survivors (14336K)
 Metaspace       used 20476K, committed 21504K, reserved 1114112K
  class space    used 2893K, committed 3392K, reserved 1048576K
}
Event: 4.070 GC heap before
{Heap before GC invocations=7 (full 0):
 garbage-first heap   total 260096K, used 200937K [0x0000000741600000, 0x0000000800000000)
  region size 2048K, 77 young (157696K), 7 survivors (14336K)
 Metaspace       used 29538K, committed 31040K, reserved 1114112K
  class space    used 4326K, committed 5120K, reserved 1048576K
}
Event: 4.081 GC heap after
{Heap after GC invocations=8 (full 0):
 garbage-first heap   total 260096K, used 65077K [0x0000000741600000, 0x0000000800000000)
  region size 2048K, 8 young (16384K), 8 survivors (16384K)
 Metaspace       used 29538K, committed 31040K, reserved 1114112K
  class space    used 4326K, committed 5120K, reserved 1048576K
}
Event: 4.085 GC heap before
{Heap before GC invocations=8 (full 0):
 garbage-first heap   total 260096K, used 67125K [0x0000000741600000, 0x0000000800000000)
  region size 2048K, 9 young (18432K), 8 survivors (16384K)
 Metaspace       used 29558K, committed 31104K, reserved 1114112K
  class space    used 4330K, committed 5120K, reserved 1048576K
}
Event: 4.094 GC heap after
{Heap after GC invocations=9 (full 0):
 garbage-first heap   total 260096K, used 65758K [0x0000000741600000, 0x0000000800000000)
  region size 2048K, 1 young (2048K), 1 survivors (2048K)
 Metaspace       used 29558K, committed 31104K, reserved 1114112K
  class space    used 4330K, committed 5120K, reserved 1048576K
}
Event: 4.336 GC heap before
{Heap before GC invocations=9 (full 0):
 garbage-first heap   total 260096K, used 104670K [0x0000000741600000, 0x0000000800000000)
  region size 2048K, 22 young (45056K), 1 survivors (2048K)
 Metaspace       used 36674K, committed 38208K, reserved 1114112K
  class space    used 5349K, committed 6144K, reserved 1048576K
}
Event: 4.338 GC heap after
{Heap after GC invocations=10 (full 0):
 garbage-first heap   total 260096K, used 66191K [0x0000000741600000, 0x0000000800000000)
  region size 2048K, 2 young (4096K), 2 survivors (4096K)
 Metaspace       used 36674K, committed 38208K, reserved 1114112K
  class space    used 5349K, committed 6144K, reserved 1048576K
}
Event: 5.063 GC heap before
{Heap before GC invocations=11 (full 0):
 garbage-first heap   total 260096K, used 191119K [0x0000000741600000, 0x0000000800000000)
  region size 2048K, 64 young (131072K), 2 survivors (4096K)
 Metaspace       used 47230K, committed 48704K, reserved 1114112K
  class space    used 6783K, committed 7552K, reserved 1048576K
}
Event: 5.077 GC heap after
{Heap after GC invocations=12 (full 0):
 garbage-first heap   total 260096K, used 78417K [0x0000000741600000, 0x0000000800000000)
  region size 2048K, 8 young (16384K), 8 survivors (16384K)
 Metaspace       used 47230K, committed 48704K, reserved 1114112K
  class space    used 6783K, committed 7552K, reserved 1048576K
}
Event: 7.071 GC heap before
{Heap before GC invocations=12 (full 0):
 garbage-first heap   total 260096K, used 158289K [0x0000000741600000, 0x0000000800000000)
  region size 2048K, 49 young (100352K), 8 survivors (16384K)
 Metaspace       used 64223K, committed 65728K, reserved 1114112K
  class space    used 8981K, committed 9792K, reserved 1048576K
}

