# JRE version: OpenJDK Runtime Environment (18.0.2+9) (build 18.0.2+9-61)
# Java VM: OpenJDK 64-Bit Server VM (18.0.2+9-61, mixed mode, emulated-client, sharing, tiered, compressed oops, compressed class ptrs, g1 gc, windows-amd64)
GC Precious Log:
 CardTable entry size: 512
 Card Set container configuration: InlinePtr #cards 4 size 8 Array Of Cards #cards 16 size 48 Howl #buckets 8 coarsen threshold 3686 Howl Bitmap #cards 512 size 80 coarsen threshold 460 Card regions per heap region 1 cards per card region 4096
 CPUs: 8 total, 8 available
 Memory: 12197M
 Large Page Support: Disabled
 NUMA Support: Disabled
 Compressed Oops: Enabled (Zero based)
 Heap Region Size: 2M
 Heap Min Capacity: 8M
 Heap Initial Capacity: 192M
 Heap Max Capacity: 3050M
 Pre-touch: Disabled
 Parallel Workers: 8
 Concurrent Workers: 2
 Concurrent Refinement Workers: 8
 Periodic GC: Disabled
Heap:
 garbage-first heap   total 303104K, used 80684K [0x0000000741600000, 0x0000000800000000)
  region size 2048K, 3 young (6144K), 3 survivors (6144K)
 Metaspace       used 62180K, committed 63616K, reserved 1114112K
  class space    used 8722K, committed 9472K, reserved 1048576K
GC Heap History (20 events):
Event: 1.229 GC heap after
{Heap after GC invocations=3 (full 0):
 garbage-first heap   total 196608K, used 30720K [0x0000000741600000, 0x0000000800000000)
  region size 2048K, 2 young (4096K), 2 survivors (4096K)
 Metaspace       used 3468K, committed 3712K, reserved 1114112K
  class space    used 418K, committed 512K, reserved 1048576K
}
Event: 1.593 GC heap before
{Heap before GC invocations=3 (full 0):
 garbage-first heap   total 196608K, used 71680K [0x0000000741600000, 0x0000000800000000)
  region size 2048K, 23 young (47104K), 2 survivors (4096K)
 Metaspace       used 4467K, committed 4736K, reserved 1114112K
  class space    used 536K, committed 640K, reserved 1048576K
}
Event: 1.619 GC heap after
{Heap after GC invocations=4 (full 0):
 garbage-first heap   total 196608K, used 45369K [0x0000000741600000, 0x0000000800000000)
  region size 2048K, 3 young (6144K), 3 survivors (6144K)
 Metaspace       used 4467K, committed 4736K, reserved 1114112K
  class space    used 536K, committed 640K, reserved 1048576K
}
Event: 2.606 GC heap before
{Heap before GC invocations=4 (full 0):
 garbage-first heap   total 196608K, used 78137K [0x0000000741600000, 0x0000000800000000)
  region size 2048K, 19 young (38912K), 3 survivors (6144K)
 Metaspace       used 8912K, committed 9280K, reserved 1114112K
  class space    used 1158K, committed 1344K, reserved 1048576K
}
Event: 2.624 GC heap after
{Heap after GC invocations=5 (full 0):
 garbage-first heap   total 303104K, used 49633K [0x0000000741600000, 0x0000000800000000)
  region size 2048K, 2 young (4096K), 2 survivors (4096K)
 Metaspace       used 8912K, committed 9280K, reserved 1114112K
  class space    used 1158K, committed 1344K, reserved 1048576K
}
Event: 3.572 GC heap before
{Heap before GC invocations=5 (full 0):
 garbage-first heap   total 303104K, used 162273K [0x0000000741600000, 0x0000000800000000)
  region size 2048K, 58 young (118784K), 2 survivors (4096K)
 Metaspace       used 19906K, committed 20864K, reserved 1114112K
  class space    used 2802K, committed 3328K, reserved 1048576K
}
Event: 3.587 GC heap after
{Heap after GC invocations=6 (full 0):
 garbage-first heap   total 303104K, used 61211K [0x0000000741600000, 0x0000000800000000)
  region size 2048K, 8 young (16384K), 8 survivors (16384K)
 Metaspace       used 19906K, committed 20864K, reserved 1114112K
  class space    used 2802K, committed 3328K, reserved 1048576K
}
Event: 3.749 GC heap before
{Heap before GC invocations=6 (full 0):
 garbage-first heap   total 303104K, used 89883K [0x0000000741600000, 0x0000000800000000)
  region size 2048K, 23 young (47104K), 8 survivors (16384K)
 Metaspace       used 20437K, committed 21504K, reserved 1114112K
  class space    used 2901K, committed 3456K, reserved 1048576K
}
Event: 3.762 GC heap after
{Heap after GC invocations=7 (full 0):
 garbage-first heap   total 303104K, used 60289K [0x0000000741600000, 0x0000000800000000)
  region size 2048K, 3 young (6144K), 3 survivors (6144K)
 Metaspace       used 20437K, committed 21504K, reserved 1114112K
  class space    used 2901K, committed 3456K, reserved 1048576K
}
Event: 4.874 GC heap before
{Heap before GC invocations=8 (full 0):
 garbage-first heap   total 253952K, used 217985K [0x0000000741600000, 0x0000000800000000)
  region size 2048K, 81 young (165888K), 3 survivors (6144K)
 Metaspace       used 32792K, committed 34304K, reserved 1114112K
  class space    used 4728K, committed 5504K, reserved 1048576K
}
Event: 4.887 GC heap after
{Heap after GC invocations=9 (full 0):
 garbage-first heap   total 253952K, used 66513K [0x0000000741600000, 0x0000000800000000)
  region size 2048K, 6 young (12288K), 6 survivors (12288K)
 Metaspace       used 32792K, committed 34304K, reserved 1114112K
  class space    used 4728K, committed 5504K, reserved 1048576K
}
Event: 4.888 GC heap before
{Heap before GC invocations=9 (full 0):
 garbage-first heap   total 253952K, used 68561K [0x0000000741600000, 0x0000000800000000)
  region size 2048K, 7 young (14336K), 6 survivors (12288K)
 Metaspace       used 32818K, committed 34368K, reserved 1114112K
  class space    used 4730K, committed 5504K, reserved 1048576K
}
Event: 4.899 GC heap after
{Heap after GC invocations=10 (full 0):
 garbage-first heap   total 253952K, used 65210K [0x0000000741600000, 0x0000000800000000)
  region size 2048K, 1 young (2048K), 1 survivors (2048K)
 Metaspace       used 32818K, committed 34368K, reserved 1114112K
  class space    used 4730K, committed 5504K, reserved 1048576K
}
Event: 5.053 GC heap before
{Heap before GC invocations=10 (full 0):
 garbage-first heap   total 253952K, used 79546K [0x0000000741600000, 0x0000000800000000)
  region size 2048K, 10 young (20480K), 1 survivors (2048K)
 Metaspace       used 36015K, committed 37568K, reserved 1114112K
  class space    used 5255K, committed 6080K, reserved 1048576K
}
Event: 5.055 GC heap after
{Heap after GC invocations=11 (full 0):
 garbage-first heap   total 253952K, used 65222K [0x0000000741600000, 0x0000000800000000)
  region size 2048K, 1 young (2048K), 1 survivors (2048K)
 Metaspace       used 36015K, committed 37568K, reserved 1114112K
  class space    used 5255K, committed 6080K, reserved 1048576K
}
Event: 6.523 GC heap before
{Heap before GC invocations=12 (full 0):
 garbage-first heap   total 253952K, used 192198K [0x0000000741600000, 0x0000000800000000)
  region size 2048K, 64 young (131072K), 1 survivors (2048K)
 Metaspace       used 47372K, committed 48896K, reserved 1114112K
  class space    used 6831K, committed 7680K, reserved 1048576K
}
Event: 6.536 GC heap after
{Heap after GC invocations=13 (full 0):
 garbage-first heap   total 253952K, used 78211K [0x0000000741600000, 0x0000000800000000)
  region size 2048K, 7 young (14336K), 7 survivors (14336K)
 Metaspace       used 47372K, committed 48896K, reserved 1114112K
  class space    used 6831K, committed 7680K, reserved 1048576K
}
Event: 6.584 GC heap before
{Heap before GC invocations=13 (full 0):
 garbage-first heap   total 253952K, used 80259K [0x0000000741600000, 0x0000000800000000)
  region size 2048K, 8 young (16384K), 7 survivors (14336K)
 Metaspace       used 47696K, committed 49216K, reserved 1114112K
  class space    used 6883K, committed 7680K, reserved 1048576K
}
Event: 6.598 GC heap after
{Heap after GC invocations=14 (full 0):
 garbage-first heap   total 253952K, used 78442K [0x0000000741600000, 0x0000000800000000)
  region size 2048K, 1 young (2048K), 1 survivors (2048K)
 Metaspace       used 47696K, committed 49216K, reserved 1114112K
  class space    used 6883K, committed 7680K, reserved 1048576K
}
Event: 8.388 GC heap before
{Heap before GC invocations=14 (full 0):
 garbage-first heap   total 253952K, used 146026K [0x0000000741600000, 0x0000000800000000)
  region size 2048K, 36 young (73728K), 1 survivors (2048K)
 Metaspace       used 62180K, committed 63616K, reserved 1114112K
  class space    used 8722K, committed 9472K, reserved 1048576K
}

